<?xml version="1.0" encoding="UTF-8"?>
<testsuite xmlns:xsi="http://www.w3.org/2001/XMLSchema-instance" xsi:noNamespaceSchemaLocation="https://maven.apache.org/surefire/maven-surefire-plugin/xsd/surefire-test-report.xsd" version="3.0.2" name="LabTests" time="0.203" tests="4" errors="0" skipped="0" failures="0">
  <properties>
[...]
</properties>
  <testcase name="testCourseManagerRemovesCorrectSubjects" classname="LabTests" time="0.081"/>
  <testcase name="testTreasureMapUpdateAndSum" classname="LabTests" time="0.007"/>
  <testcase name="testStringAndStringBuilderProduceSameResult" classname="LabTests" time="0.014"/>
  <testcase name="testZooListIsUnmodifiable" classname="LabTests" time="0.009"/>
</testsuite>